<?xml version="1.0" encoding="UTF-8"?>
<!-- Generated by org.testng.reporters.JUnitReportReporter -->
<testsuite hostname="Aishwarya-Nath" failures="0" tests="1" name="SeleniumGrid4.Grid4.BaseTest" time="72.113" errors="0" timestamp="2023-06-23T19:27:17 IST" skipped="0">
  <testcase classname="SeleniumGrid4.Grid4.BaseTest" name="setDriver" time="72.113"/>
  <system-out/>
</testsuite> <!-- SeleniumGrid4.Grid4.BaseTest -->
