<?xml version="1.0" encoding="UTF-8"?>
<!-- Generated by org.testng.reporters.JUnitReportReporter -->
<testsuite skipped="0" hostname="LAPTOP-RUOKJ9SS" name="SeleniumGrid4.Grid4.BaseTest" tests="1" failures="0" timestamp="2023-07-04T21:53:30 IST" time="105.673" errors="0">
  <testcase name="setDriver" time="105.673" classname="SeleniumGrid4.Grid4.BaseTest"/>
  <system-out/>
</testsuite> <!-- SeleniumGrid4.Grid4.BaseTest -->
